[2021-12-18T23:59:19.078] [INFO] info - get params:{}
[2021-12-18T23:59:19.080] [INFO] info - post params:{}
[2021-12-18T23:59:23.870] [INFO] info - get params:{}
[2021-12-18T23:59:23.870] [INFO] info - post params:{}
[2021-12-18T23:59:24.918] [INFO] info - get params:{}
[2021-12-18T23:59:24.919] [INFO] info - post params:{}
[2021-12-18T23:59:26.298] [INFO] info - get params:{}
[2021-12-18T23:59:26.298] [INFO] info - post params:{}
[2021-12-18T23:59:26.956] [INFO] info - get params:{}
[2021-12-18T23:59:26.957] [INFO] info - post params:{}
[2021-12-18T23:59:27.942] [INFO] info - get params:{}
[2021-12-18T23:59:27.943] [INFO] info - post params:{}
[2021-12-18T23:59:29.317] [INFO] info - get params:{}
[2021-12-18T23:59:29.317] [INFO] info - post params:{}
[2021-12-18T23:59:30.070] [INFO] info - get params:{}
[2021-12-18T23:59:30.070] [INFO] info - post params:{}
[2021-12-18T23:59:31.531] [INFO] info - get params:{}
[2021-12-18T23:59:31.531] [INFO] info - post params:{}
[2021-12-18T23:59:32.199] [INFO] info - get params:{}
[2021-12-18T23:59:32.199] [INFO] info - post params:{}
[2021-12-18T23:59:32.820] [INFO] info - get params:{}
[2021-12-18T23:59:32.821] [INFO] info - post params:{}
[2021-12-18T23:59:33.602] [INFO] info - get params:{}
[2021-12-18T23:59:33.602] [INFO] info - post params:{}
[2021-12-18T23:59:34.695] [INFO] info - get params:{}
[2021-12-18T23:59:34.695] [INFO] info - post params:{}
[2021-12-18T23:59:36.465] [INFO] info - get params:{}
[2021-12-18T23:59:36.465] [INFO] info - post params:{}
[2021-12-18T23:59:38.074] [INFO] info - get params:{}
[2021-12-18T23:59:38.074] [INFO] info - post params:{}
[2021-12-18T23:59:39.160] [INFO] info - get params:{}
[2021-12-18T23:59:39.161] [INFO] info - post params:{}
[2021-12-18T23:59:40.273] [INFO] info - get params:{}
[2021-12-18T23:59:40.273] [INFO] info - post params:{}
[2021-12-18T23:59:41.641] [INFO] info - get params:{}
[2021-12-18T23:59:41.641] [INFO] info - post params:{}
[2021-12-18T23:59:42.590] [INFO] info - get params:{}
[2021-12-18T23:59:42.591] [INFO] info - post params:{}
[2021-12-18T23:59:43.167] [INFO] info - get params:{}
[2021-12-18T23:59:43.167] [INFO] info - post params:{}
[2021-12-18T23:59:43.818] [INFO] info - get params:{}
[2021-12-18T23:59:43.818] [INFO] info - post params:{}
[2021-12-18T23:59:44.373] [INFO] info - get params:{}
[2021-12-18T23:59:44.373] [INFO] info - post params:{}
[2021-12-18T23:59:46.649] [INFO] info - get params:{}
[2021-12-18T23:59:46.649] [INFO] info - post params:{}
[2021-12-18T23:59:48.387] [INFO] info - get params:{}
[2021-12-18T23:59:48.387] [INFO] info - post params:{}
[2021-12-18T23:59:50.472] [INFO] info - get params:{}
[2021-12-18T23:59:50.472] [INFO] info - post params:{}
[2021-12-18T23:59:51.952] [INFO] info - get params:{}
[2021-12-18T23:59:51.952] [INFO] info - post params:{}
[2021-12-18T23:59:53.511] [INFO] info - get params:{}
[2021-12-18T23:59:53.511] [INFO] info - post params:{}
[2021-12-18T23:59:54.753] [INFO] info - get params:{}
[2021-12-18T23:59:54.753] [INFO] info - post params:{}
[2021-12-18T23:59:55.728] [INFO] info - get params:{}
[2021-12-18T23:59:55.728] [INFO] info - post params:{}
[2021-12-18T23:59:57.506] [INFO] info - get params:{}
[2021-12-18T23:59:57.506] [INFO] info - post params:{}
[2021-12-18T23:59:58.941] [INFO] info - get params:{}
[2021-12-18T23:59:58.941] [INFO] info - post params:{}
[2021-12-19T00:00:00.539] [INFO] info - get params:{}
[2021-12-19T00:00:00.539] [INFO] info - post params:{}
[2021-12-19T00:00:02.512] [INFO] info - get params:{}
[2021-12-19T00:00:02.512] [INFO] info - post params:{}
[2021-12-19T00:00:04.638] [INFO] info - get params:{}
[2021-12-19T00:00:04.638] [INFO] info - post params:{}
[2021-12-19T00:00:05.454] [INFO] info - get params:{}
[2021-12-19T00:00:05.454] [INFO] info - post params:{}
[2021-12-19T00:00:06.109] [INFO] info - get params:{}
[2021-12-19T00:00:06.110] [INFO] info - post params:{}
[2021-12-19T00:00:07.077] [INFO] info - get params:{}
[2021-12-19T00:00:07.077] [INFO] info - post params:{}
[2021-12-19T00:00:08.385] [INFO] info - get params:{}
[2021-12-19T00:00:08.386] [INFO] info - post params:{}
[2021-12-19T00:00:09.859] [INFO] info - get params:{}
[2021-12-19T00:00:09.859] [INFO] info - post params:{}
[2021-12-19T00:00:11.515] [INFO] info - get params:{}
[2021-12-19T00:00:11.515] [INFO] info - post params:{}
[2021-12-19T00:00:12.484] [INFO] info - get params:{}
[2021-12-19T00:00:12.484] [INFO] info - post params:{}
[2021-12-19T00:00:13.150] [INFO] info - get params:{}
[2021-12-19T00:00:13.151] [INFO] info - post params:{}
[2021-12-19T00:00:14.794] [INFO] info - get params:{}
[2021-12-19T00:00:14.794] [INFO] info - post params:{}
[2021-12-19T00:00:16.173] [INFO] info - get params:{}
[2021-12-19T00:00:16.173] [INFO] info - post params:{}
[2021-12-19T00:00:18.385] [INFO] info - get params:{}
[2021-12-19T00:00:18.385] [INFO] info - post params:{}
[2021-12-19T00:00:19.296] [INFO] info - get params:{}
[2021-12-19T00:00:19.296] [INFO] info - post params:{}
[2021-12-19T00:00:19.974] [INFO] info - get params:{}
[2021-12-19T00:00:19.974] [INFO] info - post params:{}
[2021-12-19T00:00:20.951] [INFO] info - get params:{}
[2021-12-19T00:00:20.951] [INFO] info - post params:{}
[2021-12-19T00:00:22.505] [INFO] info - get params:{}
[2021-12-19T00:00:22.506] [INFO] info - post params:{}
[2021-12-19T00:00:23.569] [INFO] info - get params:{}
[2021-12-19T00:00:23.570] [INFO] info - post params:{}
[2021-12-19T00:00:25.104] [INFO] info - get params:{}
[2021-12-19T00:00:25.104] [INFO] info - post params:{}
[2021-12-19T00:00:26.575] [INFO] info - get params:{}
[2021-12-19T00:00:26.575] [INFO] info - post params:{}
[2021-12-19T00:00:27.761] [INFO] info - get params:{}
[2021-12-19T00:00:27.761] [INFO] info - post params:{}
[2021-12-19T00:00:28.913] [INFO] info - get params:{}
[2021-12-19T00:00:28.914] [INFO] info - post params:{}
[2021-12-19T00:00:30.412] [INFO] info - get params:{}
[2021-12-19T00:00:30.412] [INFO] info - post params:{}
[2021-12-19T00:00:32.077] [INFO] info - get params:{}
[2021-12-19T00:00:32.078] [INFO] info - post params:{}
[2021-12-19T00:00:33.775] [INFO] info - get params:{}
[2021-12-19T00:00:33.775] [INFO] info - post params:{}
[2021-12-19T00:00:36.672] [INFO] info - get params:{}
[2021-12-19T00:00:36.672] [INFO] info - post params:{}
[2021-12-19T00:00:38.050] [INFO] info - get params:{}
[2021-12-19T00:00:38.051] [INFO] info - post params:{}
[2021-12-19T00:00:38.943] [INFO] info - get params:{}
[2021-12-19T00:00:38.943] [INFO] info - post params:{}
[2021-12-19T00:00:40.363] [INFO] info - get params:{}
[2021-12-19T00:00:40.363] [INFO] info - post params:{}
[2021-12-19T00:00:42.116] [INFO] info - get params:{}
[2021-12-19T00:00:42.116] [INFO] info - post params:{}
[2021-12-19T00:00:42.791] [INFO] info - get params:{}
[2021-12-19T00:00:42.791] [INFO] info - post params:{}
[2021-12-19T00:00:43.489] [INFO] info - get params:{}
[2021-12-19T00:00:43.489] [INFO] info - post params:{}
[2021-12-19T00:00:44.180] [INFO] info - get params:{}
[2021-12-19T00:00:44.180] [INFO] info - post params:{}
[2021-12-19T00:00:45.726] [INFO] info - get params:{}
[2021-12-19T00:00:45.726] [INFO] info - post params:{}
[2021-12-19T00:00:46.745] [INFO] info - get params:{}
[2021-12-19T00:00:46.745] [INFO] info - post params:{}
[2021-12-19T00:00:47.933] [INFO] info - get params:{}
[2021-12-19T00:00:47.933] [INFO] info - post params:{}
[2021-12-19T00:00:49.081] [INFO] info - get params:{}
[2021-12-19T00:00:49.081] [INFO] info - post params:{}
[2021-12-19T00:00:51.705] [INFO] info - get params:{}
[2021-12-19T00:00:51.705] [INFO] info - post params:{}
[2021-12-19T00:00:53.123] [INFO] info - get params:{}
[2021-12-19T00:00:53.123] [INFO] info - post params:{}
[2021-12-19T00:00:54.329] [INFO] info - get params:{}
[2021-12-19T00:00:54.329] [INFO] info - post params:{}
[2021-12-19T00:24:44.191] [INFO] info - ***数据库连接成功***
[2021-12-19T00:24:47.522] [INFO] info - ***数据库连接成功***
[2021-12-19T00:26:54.999] [INFO] info - ***数据库连接成功***
[2021-12-19T00:28:01.747] [INFO] info - ***数据库连接成功***
[2021-12-19T00:28:36.849] [INFO] info - ***数据库连接成功***
[2021-12-19T00:28:41.977] [INFO] info - ***数据库连接成功***
[2021-12-19T00:29:09.037] [INFO] info - ***数据库连接成功***
[2021-12-19T00:31:16.873] [INFO] info - ***数据库连接成功***
[2021-12-19T00:32:36.659] [INFO] info - ***数据库连接成功***
[2021-12-19T00:32:39.307] [INFO] info - ***数据库连接成功***
[2021-12-19T00:32:51.022] [INFO] info - ***数据库连接成功***
[2021-12-19T00:33:15.202] [INFO] info - ***数据库连接成功***
[2021-12-19T00:33:48.273] [INFO] info - ***数据库连接成功***
[2021-12-19T00:33:50.453] [INFO] info - ***数据库连接成功***
[2021-12-19T00:33:57.816] [INFO] info - ***数据库连接成功***
[2021-12-19T00:36:04.953] [INFO] info - get params:{}
[2021-12-19T00:36:04.954] [INFO] info - post params:{"userName":"admin_dev","userPwd":"123456"}
[2021-12-19T00:39:32.978] [INFO] info - get params:{}
[2021-12-19T00:39:32.978] [INFO] info - post params:{"userName":"1212","userPwd":"1212"}
[2021-12-19T00:40:55.993] [INFO] info - ***数据库连接成功***
[2021-12-19T00:41:02.391] [INFO] info - ***数据库连接成功***
[2021-12-19T00:41:04.782] [INFO] info - get params:{}
[2021-12-19T00:41:04.783] [INFO] info - post params:{"userName":"1212","userPwd":"1212"}
[2021-12-19T00:44:02.450] [INFO] info - ***数据库连接成功***
[2021-12-19T00:44:07.148] [INFO] info - ***数据库连接成功***
[2021-12-19T00:44:21.545] [INFO] info - get params:{}
[2021-12-19T00:44:21.547] [INFO] info - post params:{"userName":"121","userPwd":"1212"}
[2021-12-19T00:44:50.894] [INFO] info - ***数据库连接成功***
[2021-12-19T00:45:36.332] [INFO] info - ***数据库连接成功***
[2021-12-19T00:45:51.612] [INFO] info - ***数据库连接成功***
[2021-12-19T00:46:27.813] [INFO] info - ***数据库连接成功***
[2021-12-19T00:46:30.109] [INFO] info - ***数据库连接成功***
[2021-12-19T00:46:41.072] [INFO] info - ***数据库连接成功***
[2021-12-19T00:47:04.071] [INFO] info - get params:{}
[2021-12-19T00:47:04.072] [INFO] info - post params:{"userName":"admin","userPwd":"123456"}
[2021-12-19T00:47:40.628] [INFO] info - ***数据库连接成功***
[2021-12-19T00:48:22.150] [INFO] info - ***数据库连接成功***
[2021-12-19T00:48:27.686] [INFO] info - ***数据库连接成功***
[2021-12-19T00:48:35.272] [INFO] info - ***数据库连接成功***
[2021-12-19T00:49:06.663] [INFO] info - ***数据库连接成功***
[2021-12-19T00:49:21.958] [INFO] info - ***数据库连接成功***
[2021-12-19T00:49:30.674] [INFO] info - ***数据库连接成功***
[2021-12-19T00:49:37.792] [INFO] info - get params:{}
[2021-12-19T00:49:37.798] [INFO] info - post params:{"userName":"admin","userPwd":"123456"}
[2021-12-19T00:50:31.775] [INFO] info - ***数据库连接成功***
[2021-12-19T00:50:36.724] [INFO] info - ***数据库连接成功***
[2021-12-19T00:50:53.711] [INFO] info - ***数据库连接成功***
[2021-12-19T00:50:55.546] [INFO] info - ***数据库连接成功***
[2021-12-19T00:51:03.068] [INFO] info - ***数据库连接成功***
[2021-12-19T00:51:05.098] [INFO] info - ***数据库连接成功***
[2021-12-19T00:51:18.551] [INFO] info - get params:{}
[2021-12-19T00:51:18.552] [INFO] info - post params:{"userName":"admin","userPwd":"123456"}
[2021-12-19T00:51:31.186] [INFO] info - ***数据库连接成功***
[2021-12-19T00:52:46.849] [INFO] info - get params:{}
[2021-12-19T00:52:46.850] [INFO] info - post params:{"userName":"121","userPwd":"212"}
[2021-12-19T00:53:46.987] [INFO] info - get params:{}
[2021-12-19T00:53:46.988] [INFO] info - post params:{"userName":"admin","userPwd":"admin"}
[2021-12-19T00:54:59.955] [INFO] info - ***数据库连接成功***
[2021-12-19T00:55:04.293] [INFO] info - ***数据库连接成功***
[2021-12-19T00:55:39.975] [INFO] info - ***数据库连接成功***
[2021-12-19T00:55:43.437] [INFO] info - ***数据库连接成功***
[2021-12-19T00:55:48.780] [INFO] info - ***数据库连接成功***
[2021-12-19T00:57:35.563] [INFO] info - ***数据库连接成功***
[2021-12-19T00:58:38.465] [INFO] info - ***数据库连接成功***
[2021-12-19T01:07:33.891] [INFO] info - ***数据库连接成功***
[2021-12-19T02:21:10.463] [INFO] info - ***数据库连接成功***
[2021-12-19T02:38:59.148] [INFO] info - ***数据库连接成功***
[2021-12-19T02:59:43.828] [INFO] info - ***数据库连接成功***
[2021-12-19T03:16:53.099] [INFO] info - ***数据库连接成功***
[2021-12-19T03:37:35.763] [INFO] info - ***数据库连接成功***
[2021-12-19T03:58:22.194] [INFO] info - ***数据库连接成功***
[2021-12-19T04:19:06.750] [INFO] info - ***数据库连接成功***
[2021-12-19T04:39:49.198] [INFO] info - ***数据库连接成功***
[2021-12-19T05:00:34.048] [INFO] info - ***数据库连接成功***
[2021-12-19T05:21:19.084] [INFO] info - ***数据库连接成功***
[2021-12-19T05:42:05.726] [INFO] info - ***数据库连接成功***
[2021-12-19T06:02:49.038] [INFO] info - ***数据库连接成功***
[2021-12-19T06:23:34.043] [INFO] info - ***数据库连接成功***
[2021-12-19T06:44:19.610] [INFO] info - ***数据库连接成功***
[2021-12-19T07:05:03.037] [INFO] info - ***数据库连接成功***
[2021-12-19T07:25:48.043] [INFO] info - ***数据库连接成功***
[2021-12-19T07:46:33.741] [INFO] info - ***数据库连接成功***
[2021-12-19T08:07:18.014] [INFO] info - ***数据库连接成功***
[2021-12-19T08:28:02.037] [INFO] info - ***数据库连接成功***
[2021-12-19T08:48:45.674] [INFO] info - ***数据库连接成功***
[2021-12-19T09:09:30.039] [INFO] info - ***数据库连接成功***
[2021-12-19T09:22:29.486] [INFO] info - ***数据库连接成功***
[2021-12-19T10:05:31.219] [INFO] info - ***数据库连接成功***
